Detecting CXX compiler ABI info failed to compile with the following output:
Change Dir: /home/RATIONAL_LL/guennouv/aoc/day1/build/CMakeFiles/CMakeScratch/TryCompile-UjaMpk

Run Build Command(s):/usr/bin/make -f Makefile cmTC_454f2/fast && /usr/bin/make  -f CMakeFiles/cmTC_454f2.dir/build.make CMakeFiles/cmTC_454f2.dir/build
make[1]: Entering directory '/home/RATIONAL_LL/guennouv/aoc/day1/build/CMakeFiles/CMakeScratch/TryCompile-UjaMpk'
Building CXX object CMakeFiles/cmTC_454f2.dir/CMakeCXXCompilerABI.cpp.o
/usr/bin/c++   clang++    -v -o CMakeFiles/cmTC_454f2.dir/CMakeCXXCompilerABI.cpp.o -c /usr/share/cmake-3.25/Modules/CMakeCXXCompilerABI.cpp
Using built-in specs.
COLLECT_GCC=/usr/bin/c++
OFFLOAD_TARGET_NAMES=nvptx-none:amdgcn-amdhsa
OFFLOAD_TARGET_DEFAULT=1
Target: x86_64-linux-gnu
Configured with: ../src/configure -v --with-pkgversion='Ubuntu 11.1.0-1ubuntu1~20.04' --with-bugurl=file:///usr/share/doc/gcc-11/README.Bugs --enable-languages=c,ada,c++,go,brig,d,fortran,objc,obj-c++,m2 --prefix=/usr --with-gcc-major-version-only --program-suffix=-11 --program-prefix=x86_64-linux-gnu- --enable-shared --enable-linker-build-id --libexecdir=/usr/lib --without-included-gettext --enable-threads=posix --libdir=/usr/lib --enable-nls --enable-bootstrap --enable-clocale=gnu --enable-libstdcxx-debug --enable-libstdcxx-time=yes --with-default-libstdcxx-abi=new --enable-gnu-unique-object --disable-vtable-verify --enable-plugin --enable-default-pie --with-system-zlib --enable-libphobos-checking=release --with-target-system-zlib=auto --enable-objc-gc=auto --enable-multiarch --disable-werror --disable-cet --with-arch-32=i686 --with-abi=m64 --with-multilib-list=m32,m64,mx32 --enable-multilib --with-tune=generic --enable-offload-targets=nvptx-none=/build/gcc-11-2V7zgg/gcc-11-11.1.0/debian/tmp-nvptx/usr,amdgcn-amdhsa=/build/gcc-11-2V7zgg/gcc-11-11.1.0/debian/tmp-gcn/usr --without-cuda-driver --enable-checking=release --build=x86_64-linux-gnu --host=x86_64-linux-gnu --target=x86_64-linux-gnu --with-build-config=bootstrap-lto-lean --enable-link-serialization=2
Thread model: posix
Supported LTO compression algorithms: zlib zstd
gcc version 11.1.0 (Ubuntu 11.1.0-1ubuntu1~20.04) 
COLLECT_GCC_OPTIONS='-v' '-o' 'CMakeFiles/cmTC_454f2.dir/CMakeCXXCompilerABI.cpp.o' '-c' '-shared-libgcc' '-mtune=generic' '-march=x86-64' '-dumpdir' 'CMakeFiles/cmTC_454f2.dir/'
 /usr/lib/gcc/x86_64-linux-gnu/11/cc1plus -quiet -v -imultiarch x86_64-linux-gnu -D_GNU_SOURCE /usr/share/cmake-3.25/Modules/CMakeCXXCompilerABI.cpp -quiet -dumpdir CMakeFiles/cmTC_454f2.dir/ -dumpbase CMakeCXXCompilerABI.cpp.cpp -dumpbase-ext .cpp -mtune=generic -march=x86-64 -version -fasynchronous-unwind-tables -fstack-protector-strong -Wformat -Wformat-security -fstack-clash-protection -fcf-protection -o /tmp/ccMKJF7G.s
GNU C++17 (Ubuntu 11.1.0-1ubuntu1~20.04) version 11.1.0 (x86_64-linux-gnu)
	compiled by GNU C version 11.1.0, GMP version 6.2.0, MPFR version 4.0.2, MPC version 1.1.0, isl version isl-0.22.1-GMP

GGC heuristics: --param ggc-min-expand=100 --param ggc-min-heapsize=131072
ignoring duplicate directory "/usr/include/x86_64-linux-gnu/c++/11"
ignoring nonexistent directory "/usr/local/include/x86_64-linux-gnu"
ignoring nonexistent directory "/usr/lib/gcc/x86_64-linux-gnu/11/include-fixed"
ignoring nonexistent directory "/usr/lib/gcc/x86_64-linux-gnu/11/../../../../x86_64-linux-gnu/include"
#include "..." search starts here:
#include <...> search starts here:
 /usr/include/c++/11
 /usr/include/x86_64-linux-gnu/c++/11
 /usr/include/c++/11/backward
 /usr/lib/gcc/x86_64-linux-gnu/11/include
 /usr/local/include
 /usr/include/x86_64-linux-gnu
 /usr/include
End of search list.
GNU C++17 (Ubuntu 11.1.0-1ubuntu1~20.04) version 11.1.0 (x86_64-linux-gnu)
	compiled by GNU C version 11.1.0, GMP version 6.2.0, MPFR version 4.0.2, MPC version 1.1.0, isl version isl-0.22.1-GMP

GGC heuristics: --param ggc-min-expand=100 --param ggc-min-heapsize=131072
Compiler executable checksum: 7a79b9a038c6e5e716b693fdb4982943
COLLECT_GCC_OPTIONS='-v' '-o' 'CMakeFiles/cmTC_454f2.dir/CMakeCXXCompilerABI.cpp.o' '-c' '-shared-libgcc' '-mtune=generic' '-march=x86-64' '-dumpdir' 'CMakeFiles/cmTC_454f2.dir/'
 as -v --64 -o CMakeFiles/cmTC_454f2.dir/CMakeCXXCompilerABI.cpp.o /tmp/ccMKJF7G.s
GNU assembler version 2.34 (x86_64-linux-gnu) using BFD version (GNU Binutils for Ubuntu) 2.34
COMPILER_PATH=/usr/lib/gcc/x86_64-linux-gnu/11/:/usr/lib/gcc/x86_64-linux-gnu/11/:/usr/lib/gcc/x86_64-linux-gnu/:/usr/lib/gcc/x86_64-linux-gnu/11/:/usr/lib/gcc/x86_64-linux-gnu/
LIBRARY_PATH=/usr/lib/gcc/x86_64-linux-gnu/11/:/usr/lib/gcc/x86_64-linux-gnu/11/../../../x86_64-linux-gnu/:/usr/lib/gcc/x86_64-linux-gnu/11/../../../../lib/:/lib/x86_64-linux-gnu/:/lib/../lib/:/usr/lib/x86_64-linux-gnu/:/usr/lib/../lib/:/usr/lib/gcc/x86_64-linux-gnu/11/../../../:/lib/:/usr/lib/
COLLECT_GCC_OPTIONS='-v' '-o' 'CMakeFiles/cmTC_454f2.dir/CMakeCXXCompilerABI.cpp.o' '-c' '-shared-libgcc' '-mtune=generic' '-march=x86-64' '-dumpdir' 'CMakeFiles/cmTC_454f2.dir/CMakeCXXCompilerABI.cpp.'
c++: warning: clang++: linker input file unused because linking not done
c++: error: clang++: linker input file not found: No such file or directory
make[1]: *** [CMakeFiles/cmTC_454f2.dir/build.make:78: CMakeFiles/cmTC_454f2.dir/CMakeCXXCompilerABI.cpp.o] Error 1
make[1]: *** Deleting file 'CMakeFiles/cmTC_454f2.dir/CMakeCXXCompilerABI.cpp.o'
make[1]: Leaving directory '/home/RATIONAL_LL/guennouv/aoc/day1/build/CMakeFiles/CMakeScratch/TryCompile-UjaMpk'
make: *** [Makefile:127: cmTC_454f2/fast] Error 2




Determining if the C++ compiler works failed with the following output:
Change Dir: /home/RATIONAL_LL/guennouv/aoc/day1/build/CMakeFiles/CMakeScratch/TryCompile-rCQ6Tn

Run Build Command(s):/usr/bin/make -f Makefile cmTC_9125b/fast && /usr/bin/make  -f CMakeFiles/cmTC_9125b.dir/build.make CMakeFiles/cmTC_9125b.dir/build
make[1]: Entering directory '/home/RATIONAL_LL/guennouv/aoc/day1/build/CMakeFiles/CMakeScratch/TryCompile-rCQ6Tn'
Building CXX object CMakeFiles/cmTC_9125b.dir/testCXXCompiler.cxx.o
/usr/bin/c++   clang++  -o CMakeFiles/cmTC_9125b.dir/testCXXCompiler.cxx.o -c /home/RATIONAL_LL/guennouv/aoc/day1/build/CMakeFiles/CMakeScratch/TryCompile-rCQ6Tn/testCXXCompiler.cxx
c++: warning: clang++: linker input file unused because linking not done
c++: error: clang++: linker input file not found: No such file or directory
make[1]: *** [CMakeFiles/cmTC_9125b.dir/build.make:78: CMakeFiles/cmTC_9125b.dir/testCXXCompiler.cxx.o] Error 1
make[1]: *** Deleting file 'CMakeFiles/cmTC_9125b.dir/testCXXCompiler.cxx.o'
make[1]: Leaving directory '/home/RATIONAL_LL/guennouv/aoc/day1/build/CMakeFiles/CMakeScratch/TryCompile-rCQ6Tn'
make: *** [Makefile:127: cmTC_9125b/fast] Error 2



Detecting CXX compiler ABI info failed to compile with the following output:
Change Dir: /home/RATIONAL_LL/guennouv/aoc/day1/build/CMakeFiles/CMakeScratch/TryCompile-JLTfxI

Run Build Command(s):/usr/bin/make -f Makefile cmTC_789da/fast && /usr/bin/make  -f CMakeFiles/cmTC_789da.dir/build.make CMakeFiles/cmTC_789da.dir/build
make[1]: Entering directory '/home/RATIONAL_LL/guennouv/aoc/day1/build/CMakeFiles/CMakeScratch/TryCompile-JLTfxI'
Building CXX object CMakeFiles/cmTC_789da.dir/CMakeCXXCompilerABI.cpp.o
/usr/bin/clang++   clang++    -v -MD -MT CMakeFiles/cmTC_789da.dir/CMakeCXXCompilerABI.cpp.o -MF CMakeFiles/cmTC_789da.dir/CMakeCXXCompilerABI.cpp.o.d -o CMakeFiles/cmTC_789da.dir/CMakeCXXCompilerABI.cpp.o -c /usr/share/cmake-3.25/Modules/CMakeCXXCompilerABI.cpp
Ubuntu clang version 15.0.6
Target: x86_64-pc-linux-gnu
Thread model: posix
InstalledDir: /usr/bin
Found candidate GCC installation: /usr/bin/../lib/gcc/x86_64-linux-gnu/10
Found candidate GCC installation: /usr/bin/../lib/gcc/x86_64-linux-gnu/11
Found candidate GCC installation: /usr/bin/../lib/gcc/x86_64-linux-gnu/7
Found candidate GCC installation: /usr/bin/../lib/gcc/x86_64-linux-gnu/7.5.0
Found candidate GCC installation: /usr/bin/../lib/gcc/x86_64-linux-gnu/8
Found candidate GCC installation: /usr/bin/../lib/gcc/x86_64-linux-gnu/9
Selected GCC installation: /usr/bin/../lib/gcc/x86_64-linux-gnu/11
Candidate multilib: .;@m64
Selected multilib: .;@m64
clang: error: no such file or directory: 'clang++'
make[1]: *** [CMakeFiles/cmTC_789da.dir/build.make:79: CMakeFiles/cmTC_789da.dir/CMakeCXXCompilerABI.cpp.o] Error 1
make[1]: Leaving directory '/home/RATIONAL_LL/guennouv/aoc/day1/build/CMakeFiles/CMakeScratch/TryCompile-JLTfxI'
make: *** [Makefile:127: cmTC_789da/fast] Error 2




Determining if the C++ compiler works failed with the following output:
Change Dir: /home/RATIONAL_LL/guennouv/aoc/day1/build/CMakeFiles/CMakeScratch/TryCompile-R1uOrL

Run Build Command(s):/usr/bin/make -f Makefile cmTC_aa3c0/fast && /usr/bin/make  -f CMakeFiles/cmTC_aa3c0.dir/build.make CMakeFiles/cmTC_aa3c0.dir/build
make[1]: Entering directory '/home/RATIONAL_LL/guennouv/aoc/day1/build/CMakeFiles/CMakeScratch/TryCompile-R1uOrL'
Building CXX object CMakeFiles/cmTC_aa3c0.dir/testCXXCompiler.cxx.o
/usr/bin/clang++   clang++  -MD -MT CMakeFiles/cmTC_aa3c0.dir/testCXXCompiler.cxx.o -MF CMakeFiles/cmTC_aa3c0.dir/testCXXCompiler.cxx.o.d -o CMakeFiles/cmTC_aa3c0.dir/testCXXCompiler.cxx.o -c /home/RATIONAL_LL/guennouv/aoc/day1/build/CMakeFiles/CMakeScratch/TryCompile-R1uOrL/testCXXCompiler.cxx
clang: error: no such file or directory: 'clang++'
make[1]: *** [CMakeFiles/cmTC_aa3c0.dir/build.make:79: CMakeFiles/cmTC_aa3c0.dir/testCXXCompiler.cxx.o] Error 1
make[1]: Leaving directory '/home/RATIONAL_LL/guennouv/aoc/day1/build/CMakeFiles/CMakeScratch/TryCompile-R1uOrL'
make: *** [Makefile:127: cmTC_aa3c0/fast] Error 2



Detecting CXX compiler ABI info failed to compile with the following output:
Change Dir: /home/RATIONAL_LL/guennouv/aoc/day1/build/CMakeFiles/CMakeScratch/TryCompile-A6hlkf

Run Build Command(s):/usr/bin/make -f Makefile cmTC_6b81d/fast && /usr/bin/make  -f CMakeFiles/cmTC_6b81d.dir/build.make CMakeFiles/cmTC_6b81d.dir/build
make[1]: Entering directory '/home/RATIONAL_LL/guennouv/aoc/day1/build/CMakeFiles/CMakeScratch/TryCompile-A6hlkf'
Building CXX object CMakeFiles/cmTC_6b81d.dir/CMakeCXXCompilerABI.cpp.o
/usr/bin/g++   clang++    -v -o CMakeFiles/cmTC_6b81d.dir/CMakeCXXCompilerABI.cpp.o -c /usr/share/cmake-3.25/Modules/CMakeCXXCompilerABI.cpp
Using built-in specs.
COLLECT_GCC=/usr/bin/g++
OFFLOAD_TARGET_NAMES=nvptx-none:amdgcn-amdhsa
OFFLOAD_TARGET_DEFAULT=1
Target: x86_64-linux-gnu
Configured with: ../src/configure -v --with-pkgversion='Ubuntu 11.1.0-1ubuntu1~20.04' --with-bugurl=file:///usr/share/doc/gcc-11/README.Bugs --enable-languages=c,ada,c++,go,brig,d,fortran,objc,obj-c++,m2 --prefix=/usr --with-gcc-major-version-only --program-suffix=-11 --program-prefix=x86_64-linux-gnu- --enable-shared --enable-linker-build-id --libexecdir=/usr/lib --without-included-gettext --enable-threads=posix --libdir=/usr/lib --enable-nls --enable-bootstrap --enable-clocale=gnu --enable-libstdcxx-debug --enable-libstdcxx-time=yes --with-default-libstdcxx-abi=new --enable-gnu-unique-object --disable-vtable-verify --enable-plugin --enable-default-pie --with-system-zlib --enable-libphobos-checking=release --with-target-system-zlib=auto --enable-objc-gc=auto --enable-multiarch --disable-werror --disable-cet --with-arch-32=i686 --with-abi=m64 --with-multilib-list=m32,m64,mx32 --enable-multilib --with-tune=generic --enable-offload-targets=nvptx-none=/build/gcc-11-2V7zgg/gcc-11-11.1.0/debian/tmp-nvptx/usr,amdgcn-amdhsa=/build/gcc-11-2V7zgg/gcc-11-11.1.0/debian/tmp-gcn/usr --without-cuda-driver --enable-checking=release --build=x86_64-linux-gnu --host=x86_64-linux-gnu --target=x86_64-linux-gnu --with-build-config=bootstrap-lto-lean --enable-link-serialization=2
Thread model: posix
Supported LTO compression algorithms: zlib zstd
gcc version 11.1.0 (Ubuntu 11.1.0-1ubuntu1~20.04) 
COLLECT_GCC_OPTIONS='-v' '-o' 'CMakeFiles/cmTC_6b81d.dir/CMakeCXXCompilerABI.cpp.o' '-c' '-shared-libgcc' '-mtune=generic' '-march=x86-64' '-dumpdir' 'CMakeFiles/cmTC_6b81d.dir/'
 /usr/lib/gcc/x86_64-linux-gnu/11/cc1plus -quiet -v -imultiarch x86_64-linux-gnu -D_GNU_SOURCE /usr/share/cmake-3.25/Modules/CMakeCXXCompilerABI.cpp -quiet -dumpdir CMakeFiles/cmTC_6b81d.dir/ -dumpbase CMakeCXXCompilerABI.cpp.cpp -dumpbase-ext .cpp -mtune=generic -march=x86-64 -version -fasynchronous-unwind-tables -fstack-protector-strong -Wformat -Wformat-security -fstack-clash-protection -fcf-protection -o /tmp/cc2d9XCg.s
GNU C++17 (Ubuntu 11.1.0-1ubuntu1~20.04) version 11.1.0 (x86_64-linux-gnu)
	compiled by GNU C version 11.1.0, GMP version 6.2.0, MPFR version 4.0.2, MPC version 1.1.0, isl version isl-0.22.1-GMP

GGC heuristics: --param ggc-min-expand=100 --param ggc-min-heapsize=131072
ignoring duplicate directory "/usr/include/x86_64-linux-gnu/c++/11"
ignoring nonexistent directory "/usr/local/include/x86_64-linux-gnu"
ignoring nonexistent directory "/usr/lib/gcc/x86_64-linux-gnu/11/include-fixed"
ignoring nonexistent directory "/usr/lib/gcc/x86_64-linux-gnu/11/../../../../x86_64-linux-gnu/include"
#include "..." search starts here:
#include <...> search starts here:
 /usr/include/c++/11
 /usr/include/x86_64-linux-gnu/c++/11
 /usr/include/c++/11/backward
 /usr/lib/gcc/x86_64-linux-gnu/11/include
 /usr/local/include
 /usr/include/x86_64-linux-gnu
 /usr/include
End of search list.
GNU C++17 (Ubuntu 11.1.0-1ubuntu1~20.04) version 11.1.0 (x86_64-linux-gnu)
	compiled by GNU C version 11.1.0, GMP version 6.2.0, MPFR version 4.0.2, MPC version 1.1.0, isl version isl-0.22.1-GMP

GGC heuristics: --param ggc-min-expand=100 --param ggc-min-heapsize=131072
Compiler executable checksum: 7a79b9a038c6e5e716b693fdb4982943
COLLECT_GCC_OPTIONS='-v' '-o' 'CMakeFiles/cmTC_6b81d.dir/CMakeCXXCompilerABI.cpp.o' '-c' '-shared-libgcc' '-mtune=generic' '-march=x86-64' '-dumpdir' 'CMakeFiles/cmTC_6b81d.dir/'
 as -v --64 -o CMakeFiles/cmTC_6b81d.dir/CMakeCXXCompilerABI.cpp.o /tmp/cc2d9XCg.s
GNU assembler version 2.34 (x86_64-linux-gnu) using BFD version (GNU Binutils for Ubuntu) 2.34
COMPILER_PATH=/usr/lib/gcc/x86_64-linux-gnu/11/:/usr/lib/gcc/x86_64-linux-gnu/11/:/usr/lib/gcc/x86_64-linux-gnu/:/usr/lib/gcc/x86_64-linux-gnu/11/:/usr/lib/gcc/x86_64-linux-gnu/
LIBRARY_PATH=/usr/lib/gcc/x86_64-linux-gnu/11/:/usr/lib/gcc/x86_64-linux-gnu/11/../../../x86_64-linux-gnu/:/usr/lib/gcc/x86_64-linux-gnu/11/../../../../lib/:/lib/x86_64-linux-gnu/:/lib/../lib/:/usr/lib/x86_64-linux-gnu/:/usr/lib/../lib/:/usr/lib/gcc/x86_64-linux-gnu/11/../../../:/lib/:/usr/lib/
COLLECT_GCC_OPTIONS='-v' '-o' 'CMakeFiles/cmTC_6b81d.dir/CMakeCXXCompilerABI.cpp.o' '-c' '-shared-libgcc' '-mtune=generic' '-march=x86-64' '-dumpdir' 'CMakeFiles/cmTC_6b81d.dir/CMakeCXXCompilerABI.cpp.'
g++: warning: clang++: linker input file unused because linking not done
g++: error: clang++: linker input file not found: No such file or directory
make[1]: *** [CMakeFiles/cmTC_6b81d.dir/build.make:78: CMakeFiles/cmTC_6b81d.dir/CMakeCXXCompilerABI.cpp.o] Error 1
make[1]: *** Deleting file 'CMakeFiles/cmTC_6b81d.dir/CMakeCXXCompilerABI.cpp.o'
make[1]: Leaving directory '/home/RATIONAL_LL/guennouv/aoc/day1/build/CMakeFiles/CMakeScratch/TryCompile-A6hlkf'
make: *** [Makefile:127: cmTC_6b81d/fast] Error 2




Determining if the C++ compiler works failed with the following output:
Change Dir: /home/RATIONAL_LL/guennouv/aoc/day1/build/CMakeFiles/CMakeScratch/TryCompile-TXRqgf

Run Build Command(s):/usr/bin/make -f Makefile cmTC_cf2ef/fast && /usr/bin/make  -f CMakeFiles/cmTC_cf2ef.dir/build.make CMakeFiles/cmTC_cf2ef.dir/build
make[1]: Entering directory '/home/RATIONAL_LL/guennouv/aoc/day1/build/CMakeFiles/CMakeScratch/TryCompile-TXRqgf'
Building CXX object CMakeFiles/cmTC_cf2ef.dir/testCXXCompiler.cxx.o
/usr/bin/g++   clang++  -o CMakeFiles/cmTC_cf2ef.dir/testCXXCompiler.cxx.o -c /home/RATIONAL_LL/guennouv/aoc/day1/build/CMakeFiles/CMakeScratch/TryCompile-TXRqgf/testCXXCompiler.cxx
g++: warning: clang++: linker input file unused because linking not done
g++: error: clang++: linker input file not found: No such file or directory
make[1]: *** [CMakeFiles/cmTC_cf2ef.dir/build.make:78: CMakeFiles/cmTC_cf2ef.dir/testCXXCompiler.cxx.o] Error 1
make[1]: *** Deleting file 'CMakeFiles/cmTC_cf2ef.dir/testCXXCompiler.cxx.o'
make[1]: Leaving directory '/home/RATIONAL_LL/guennouv/aoc/day1/build/CMakeFiles/CMakeScratch/TryCompile-TXRqgf'
make: *** [Makefile:127: cmTC_cf2ef/fast] Error 2



